<?xml version="1.0" encoding="UTF-8"?>
<testsuites name="Mocha Tests" time="6.545" tests="5" failures="1">
  <testsuite name="Root Suite" timestamp="2025-12-09T16:42:31" tests="0" file="specs\list_canines.cy.ts" time="0.000" failures="0">
  </testsuite>
  <testsuite name="Director - List Canines" timestamp="2025-12-09T16:42:31" tests="5" time="6.540" failures="1">
    <testcase name="Director - List Canines &quot;before each&quot; hook for &quot;displays the list of canines with correct information&quot;" time="0.000" classname="&quot;before each&quot; hook for &quot;displays the list of canines with correct information&quot;">
      <failure message="Timed out retrying after 5000ms: `cy.wait()` timed out waiting `5000ms` for the 1st request to the route: `getCanines`. No request ever occurred.

https://on.cypress.io/wait

Because this error occurred during a `before each` hook we are skipping the remaining tests in the current suite: `Director - List Canines`" type="CypressError"><![CDATA[CypressError: Timed out retrying after 5000ms: `cy.wait()` timed out waiting `5000ms` for the 1st request to the route: `getCanines`. No request ever occurred.

https://on.cypress.io/wait

Because this error occurred during a `before each` hook we are skipping the remaining tests in the current suite: `Director - List Canines`
    at cypressErr (http://localhost:5173/__cypress/runner/cypress_runner.js:77985:18)
    at Object.errByPath (http://localhost:5173/__cypress/runner/cypress_runner.js:78053:10)
    at checkForXhr (http://localhost:5173/__cypress/runner/cypress_runner.js:138416:84)
    at <unknown> (http://localhost:5173/__cypress/runner/cypress_runner.js:138441:28)
    at tryCatcher (http://localhost:5173/__cypress/runner/cypress_runner.js:1777:23)
    at Promise.attempt.Promise.try (http://localhost:5173/__cypress/runner/cypress_runner.js:4285:29)
    at whenStable (http://localhost:5173/__cypress/runner/cypress_runner.js:151493:68)
    at <unknown> (http://localhost:5173/__cypress/runner/cypress_runner.js:151434:14)
    at tryCatcher (http://localhost:5173/__cypress/runner/cypress_runner.js:1777:23)
    at Promise._settlePromiseFromHandler (http://localhost:5173/__cypress/runner/cypress_runner.js:1489:31)
    at Promise._settlePromise (http://localhost:5173/__cypress/runner/cypress_runner.js:1546:18)
    at Promise._settlePromise0 (http://localhost:5173/__cypress/runner/cypress_runner.js:1591:10)
    at Promise._settlePromises (http://localhost:5173/__cypress/runner/cypress_runner.js:1671:18)
    at Promise._fulfill (http://localhost:5173/__cypress/runner/cypress_runner.js:1615:18)
    at <unknown> (http://localhost:5173/__cypress/runner/cypress_runner.js:5420:46)
From Your Spec Code:
    at Context.eval (webpack:///./specs/list_canines.cy.ts:76:11)]]></failure>
    </testcase>
  </testsuite>
</testsuites>